{"/Users/michael.huber1.ext/github/personal/vite-starter/scripts/configure-utils.js": {"path":"/Users/michael.huber1.ext/github/personal/vite-starter/scripts/configure-utils.js","statementMap":{"0":{"start":{"line":6,"column":28},"end":{"line":17,"column":1}},"1":{"start":{"line":23,"column":2},"end":{"line":32,"column":3}},"2":{"start":{"line":24,"column":4},"end":{"line":27,"column":5}},"3":{"start":{"line":25,"column":19},"end":{"line":25,"column":51}},"4":{"start":{"line":26,"column":6},"end":{"line":26,"column":30}},"5":{"start":{"line":29,"column":4},"end":{"line":31,"column":6}},"6":{"start":{"line":34,"column":2},"end":{"line":34,"column":34}},"7":{"start":{"line":41,"column":21},"end":{"line":44,"column":3}},"8":{"start":{"line":46,"column":2},"end":{"line":52,"column":3}},"9":{"start":{"line":47,"column":4},"end":{"line":47,"column":67}},"10":{"start":{"line":48,"column":4},"end":{"line":48,"column":16}},"11":{"start":{"line":50,"column":4},"end":{"line":50,"column":76}},"12":{"start":{"line":51,"column":4},"end":{"line":51,"column":17}},"13":{"start":{"line":59,"column":21},"end":{"line":59,"column":43}},"14":{"start":{"line":60,"column":2},"end":{"line":62,"column":3}},"15":{"start":{"line":61,"column":4},"end":{"line":61,"column":15}},"16":{"start":{"line":63,"column":2},"end":{"line":63,"column":36}},"17":{"start":{"line":70,"column":2},"end":{"line":70,"column":62}},"18":{"start":{"line":77,"column":2},"end":{"line":77,"column":34}},"19":{"start":{"line":84,"column":2},"end":{"line":88,"column":6}},"20":{"start":{"line":84,"column":54},"end":{"line":88,"column":3}}},"fnMap":{"0":{"name":"getCurrentConfig","decl":{"start":{"line":22,"column":16},"end":{"line":22,"column":32}},"loc":{"start":{"line":22,"column":45},"end":{"line":35,"column":1}},"line":22},"1":{"name":"writeConfig","decl":{"start":{"line":40,"column":16},"end":{"line":40,"column":27}},"loc":{"start":{"line":40,"column":48},"end":{"line":53,"column":1}},"line":40},"2":{"name":"getColorPreview","decl":{"start":{"line":58,"column":16},"end":{"line":58,"column":31}},"loc":{"start":{"line":58,"column":42},"end":{"line":64,"column":1}},"line":58},"3":{"name":"formatColorName","decl":{"start":{"line":69,"column":16},"end":{"line":69,"column":31}},"loc":{"start":{"line":69,"column":42},"end":{"line":71,"column":1}},"line":69},"4":{"name":"isValidColor","decl":{"start":{"line":76,"column":16},"end":{"line":76,"column":28}},"loc":{"start":{"line":76,"column":39},"end":{"line":78,"column":1}},"line":76},"5":{"name":"getColorChoices","decl":{"start":{"line":83,"column":16},"end":{"line":83,"column":31}},"loc":{"start":{"line":83,"column":34},"end":{"line":89,"column":1}},"line":83},"6":{"name":"(anonymous_6)","decl":{"start":{"line":84,"column":39},"end":{"line":84,"column":40}},"loc":{"start":{"line":84,"column":54},"end":{"line":88,"column":3}},"line":84}},"branchMap":{"0":{"loc":{"start":{"line":24,"column":4},"end":{"line":27,"column":5}},"type":"if","locations":[{"start":{"line":24,"column":4},"end":{"line":27,"column":5}},{"start":{},"end":{}}],"line":24},"1":{"loc":{"start":{"line":60,"column":2},"end":{"line":62,"column":3}},"type":"if","locations":[{"start":{"line":60,"column":2},"end":{"line":62,"column":3}},{"start":{},"end":{}}],"line":60}},"s":{"0":2,"1":21,"2":21,"3":19,"4":18,"5":6,"6":8,"7":15,"8":15,"9":15,"10":14,"11":1,"12":1,"13":33,"14":33,"15":3,"16":30,"17":63,"18":44,"19":2,"20":20},"f":{"0":21,"1":15,"2":33,"3":63,"4":44,"5":2,"6":20},"b":{"0":[19,2],"1":[3,30]},"inputSourceMap":null,"_coverageSchema":"1a1c01bbd47fc00a2c39e90264f33305004495a9","hash":"f34ea753322086c9965b6736aaef7dc0844e2e08"}
,"/Users/michael.huber1.ext/github/personal/vite-starter/scripts/gh-pages.js": {"path":"/Users/michael.huber1.ext/github/personal/vite-starter/scripts/gh-pages.js","statementMap":{"0":{"start":{"line":5,"column":23},"end":{"line":15,"column":1}},"1":{"start":{"line":6,"column":19},"end":{"line":6,"column":59}},"2":{"start":{"line":7,"column":2},"end":{"line":7,"column":39}},"3":{"start":{"line":7,"column":32},"end":{"line":7,"column":39}},"4":{"start":{"line":9,"column":2},"end":{"line":14,"column":3}},"5":{"start":{"line":10,"column":16},"end":{"line":10,"column":62}},"6":{"start":{"line":11,"column":4},"end":{"line":11,"column":34}},"7":{"start":{"line":13,"column":4},"end":{"line":13,"column":21}},"8":{"start":{"line":17,"column":23},"end":{"line":59,"column":1}},"9":{"start":{"line":18,"column":15},"end":{"line":18,"column":17}},"10":{"start":{"line":20,"column":18},"end":{"line":20,"column":69}},"11":{"start":{"line":20,"column":50},"end":{"line":20,"column":68}},"12":{"start":{"line":23,"column":4},"end":{"line":26,"column":6}},"13":{"start":{"line":25,"column":6},"end":{"line":25,"column":73}},"14":{"start":{"line":28,"column":2},"end":{"line":58,"column":4}},"15":{"start":{"line":33,"column":6},"end":{"line":38,"column":7}},"16":{"start":{"line":34,"column":28},"end":{"line":34,"column":44}},"17":{"start":{"line":35,"column":8},"end":{"line":37,"column":9}},"18":{"start":{"line":36,"column":10},"end":{"line":36,"column":48}},"19":{"start":{"line":41,"column":6},"end":{"line":41,"column":43}},"20":{"start":{"line":44,"column":24},"end":{"line":49,"column":7}},"21":{"start":{"line":51,"column":6},"end":{"line":51,"column":59}},"22":{"start":{"line":53,"column":6},"end":{"line":56,"column":9}},"23":{"start":{"line":54,"column":8},"end":{"line":54,"column":41}},"24":{"start":{"line":54,"column":19},"end":{"line":54,"column":41}},"25":{"start":{"line":55,"column":8},"end":{"line":55,"column":44}}},"fnMap":{"0":{"name":"(anonymous_0)","decl":{"start":{"line":5,"column":23},"end":{"line":5,"column":24}},"loc":{"start":{"line":5,"column":29},"end":{"line":15,"column":1}},"line":5},"1":{"name":"(anonymous_1)","decl":{"start":{"line":17,"column":23},"end":{"line":17,"column":24}},"loc":{"start":{"line":17,"column":36},"end":{"line":59,"column":1}},"line":17},"2":{"name":"(anonymous_2)","decl":{"start":{"line":20,"column":39},"end":{"line":20,"column":40}},"loc":{"start":{"line":20,"column":50},"end":{"line":20,"column":68}},"line":20},"3":{"name":"(anonymous_3)","decl":{"start":{"line":24,"column":5},"end":{"line":24,"column":6}},"loc":{"start":{"line":24,"column":29},"end":{"line":26,"column":5}},"line":24},"4":{"name":"(anonymous_4)","decl":{"start":{"line":32,"column":4},"end":{"line":32,"column":5}},"loc":{"start":{"line":32,"column":19},"end":{"line":39,"column":5}},"line":32},"5":{"name":"(anonymous_5)","decl":{"start":{"line":40,"column":4},"end":{"line":40,"column":5}},"loc":{"start":{"line":40,"column":35},"end":{"line":42,"column":5}},"line":40},"6":{"name":"(anonymous_6)","decl":{"start":{"line":43,"column":4},"end":{"line":43,"column":5}},"loc":{"start":{"line":43,"column":24},"end":{"line":57,"column":5}},"line":43},"7":{"name":"(anonymous_7)","decl":{"start":{"line":53,"column":42},"end":{"line":53,"column":43}},"loc":{"start":{"line":53,"column":53},"end":{"line":56,"column":7}},"line":53}},"branchMap":{"0":{"loc":{"start":{"line":7,"column":2},"end":{"line":7,"column":39}},"type":"if","locations":[{"start":{"line":7,"column":2},"end":{"line":7,"column":39}},{"start":{},"end":{}}],"line":7},"1":{"loc":{"start":{"line":11,"column":11},"end":{"line":11,"column":33}},"type":"binary-expr","locations":[{"start":{"line":11,"column":11},"end":{"line":11,"column":20}},{"start":{"line":11,"column":24},"end":{"line":11,"column":33}}],"line":11},"2":{"loc":{"start":{"line":20,"column":18},"end":{"line":20,"column":69}},"type":"binary-expr","locations":[{"start":{"line":20,"column":18},"end":{"line":20,"column":34}},{"start":{"line":20,"column":39},"end":{"line":20,"column":68}}],"line":20},"3":{"loc":{"start":{"line":23,"column":4},"end":{"line":26,"column":6}},"type":"binary-expr","locations":[{"start":{"line":23,"column":4},"end":{"line":23,"column":22}},{"start":{"line":24,"column":5},"end":{"line":26,"column":5}}],"line":23},"4":{"loc":{"start":{"line":33,"column":6},"end":{"line":38,"column":7}},"type":"if","locations":[{"start":{"line":33,"column":6},"end":{"line":38,"column":7}},{"start":{},"end":{}}],"line":33},"5":{"loc":{"start":{"line":35,"column":8},"end":{"line":37,"column":9}},"type":"if","locations":[{"start":{"line":35,"column":8},"end":{"line":37,"column":9}},{"start":{},"end":{}}],"line":35},"6":{"loc":{"start":{"line":54,"column":8},"end":{"line":54,"column":41}},"type":"if","locations":[{"start":{"line":54,"column":8},"end":{"line":54,"column":41}},{"start":{},"end":{}}],"line":54}},"s":{"0":1,"1":4,"2":4,"3":1,"4":3,"5":3,"6":2,"7":1,"8":1,"9":18,"10":18,"11":1,"12":18,"13":5,"14":18,"15":5,"16":4,"17":4,"18":1,"19":9,"20":8,"21":8,"22":8,"23":8,"24":2,"25":6},"f":{"0":4,"1":18,"2":1,"3":5,"4":5,"5":9,"6":8,"7":8},"b":{"0":[1,3],"1":[2,1],"2":[18,15],"3":[18,15],"4":[4,1],"5":[1,3],"6":[2,6]},"inputSourceMap":null,"_coverageSchema":"1a1c01bbd47fc00a2c39e90264f33305004495a9","hash":"9f6f21f2bbdfcdc382b630cea154196979cc9666"}
}
