TN:
SF:scripts/configure-utils.js
FN:22,getCurrentConfig
FN:40,writeConfig
FN:58,getColorPreview
FN:69,formatColorName
FN:76,isValidColor
FN:83,getColorChoices
FN:84,(anonymous_6)
FNF:7
FNH:7
FNDA:21,getCurrentConfig
FNDA:15,writeConfig
FNDA:33,getColorPreview
FNDA:63,formatColorName
FNDA:44,isValidColor
FNDA:2,getColorChoices
FNDA:20,(anonymous_6)
DA:6,2
DA:23,21
DA:24,21
DA:25,19
DA:26,18
DA:29,6
DA:34,8
DA:41,15
DA:46,15
DA:47,15
DA:48,14
DA:50,1
DA:51,1
DA:59,33
DA:60,33
DA:61,3
DA:63,30
DA:70,63
DA:77,44
DA:84,20
LF:20
LH:20
BRDA:24,0,0,19
BRDA:24,0,1,2
BRDA:60,1,0,3
BRDA:60,1,1,30
BRF:4
BRH:4
end_of_record
TN:
SF:scripts/gh-pages.js
FN:5,(anonymous_0)
FN:17,(anonymous_1)
FN:20,(anonymous_2)
FN:24,(anonymous_3)
FN:32,(anonymous_4)
FN:40,(anonymous_5)
FN:43,(anonymous_6)
FN:53,(anonymous_7)
FNF:8
FNH:8
FNDA:4,(anonymous_0)
FNDA:18,(anonymous_1)
FNDA:1,(anonymous_2)
FNDA:5,(anonymous_3)
FNDA:5,(anonymous_4)
FNDA:9,(anonymous_5)
FNDA:8,(anonymous_6)
FNDA:8,(anonymous_7)
DA:5,1
DA:6,4
DA:7,4
DA:9,3
DA:10,3
DA:11,2
DA:13,1
DA:17,1
DA:18,18
DA:20,18
DA:23,18
DA:25,5
DA:28,18
DA:33,5
DA:34,4
DA:35,4
DA:36,1
DA:41,9
DA:44,8
DA:51,8
DA:53,8
DA:54,8
DA:55,6
LF:23
LH:23
BRDA:7,0,0,1
BRDA:7,0,1,3
BRDA:11,1,0,2
BRDA:11,1,1,1
BRDA:20,2,0,18
BRDA:20,2,1,15
BRDA:23,3,0,18
BRDA:23,3,1,15
BRDA:33,4,0,4
BRDA:33,4,1,1
BRDA:35,5,0,1
BRDA:35,5,1,3
BRDA:54,6,0,2
BRDA:54,6,1,6
BRF:14
BRH:14
end_of_record
